{"C:\\formation\\STOIC\\team-members-project\\src\\App.vue": {"path":"C:\\formation\\STOIC\\team-members-project\\src\\App.vue","statementMap":{"0":{"start":{"line":10,"column":0},"end":{"line":10,"column":null}},"1":{"start":{"line":18,"column":0},"end":{"line":18,"column":null}}},"fnMap":{"0":{"name":"(anonymous_1)","decl":{"start":{"line":17,"column":0},"end":{"line":17,"column":null}},"loc":{"start":{"line":17,"column":0},"end":{"line":21,"column":null}}}},"branchMap":{},"s":{"0":0,"1":0},"f":{"0":0},"b":{}}
,"C:\\formation\\STOIC\\team-members-project\\src\\main.js": {"path":"C:\\formation\\STOIC\\team-members-project\\src\\main.js","statementMap":{"0":{"start":{"line":5,"column":0},"end":{"line":5,"column":33}},"1":{"start":{"line":7,"column":0},"end":{"line":10,"column":18}},"2":{"start":{"line":9,"column":17},"end":{"line":9,"column":23}}},"fnMap":{"0":{"name":"(anonymous_0)","decl":{"start":{"line":9,"column":10},"end":{"line":9,"column":11}},"loc":{"start":{"line":9,"column":17},"end":{"line":9,"column":23}},"line":9}},"branchMap":{},"s":{"0":0,"1":0,"2":0},"f":{"0":0},"b":{},"hash":"2faac489b3d46fd64f6260e7f944d62b5113809a"}
,"C:\\formation\\STOIC\\team-members-project\\src\\components\\nongeneric-components\\CardFormular.vue": {"path":"C:\\formation\\STOIC\\team-members-project\\src\\components\\nongeneric-components\\CardFormular.vue","statementMap":{"0":{"start":{"line":59,"column":0},"end":{"line":59,"column":null}},"1":{"start":{"line":60,"column":0},"end":{"line":60,"column":null}},"2":{"start":{"line":61,"column":0},"end":{"line":61,"column":null}},"3":{"start":{"line":79,"column":0},"end":{"line":79,"column":null}},"4":{"start":{"line":89,"column":0},"end":{"line":89,"column":null}},"5":{"start":{"line":97,"column":0},"end":{"line":97,"column":null}},"6":{"start":{"line":98,"column":0},"end":{"line":98,"column":null}},"7":{"start":{"line":99,"column":0},"end":{"line":102,"column":null}},"8":{"start":{"line":100,"column":0},"end":{"line":100,"column":null}},"9":{"start":{"line":101,"column":0},"end":{"line":101,"column":null}},"10":{"start":{"line":103,"column":0},"end":{"line":103,"column":null}},"11":{"start":{"line":106,"column":0},"end":{"line":114,"column":null}},"12":{"start":{"line":107,"column":0},"end":{"line":107,"column":null}},"13":{"start":{"line":108,"column":0},"end":{"line":108,"column":null}},"14":{"start":{"line":109,"column":0},"end":{"line":114,"column":null}},"15":{"start":{"line":110,"column":0},"end":{"line":110,"column":null}},"16":{"start":{"line":111,"column":0},"end":{"line":113,"column":null}},"17":{"start":{"line":112,"column":0},"end":{"line":112,"column":null}}},"fnMap":{"0":{"name":"(anonymous_1)","decl":{"start":{"line":78,"column":0},"end":{"line":78,"column":null}},"loc":{"start":{"line":78,"column":0},"end":{"line":83,"column":null}}},"1":{"name":"(anonymous_2)","decl":{"start":{"line":87,"column":0},"end":{"line":87,"column":null}},"loc":{"start":{"line":87,"column":0},"end":{"line":90,"column":null}}},"2":{"name":"(anonymous_3)","decl":{"start":{"line":96,"column":0},"end":{"line":96,"column":null}},"loc":{"start":{"line":96,"column":0},"end":{"line":104,"column":null}}},"3":{"name":"(anonymous_4)","decl":{"start":{"line":105,"column":0},"end":{"line":105,"column":null}},"loc":{"start":{"line":105,"column":0},"end":{"line":115,"column":null}}}},"branchMap":{"0":{"loc":{"start":{"line":106,"column":0},"end":{"line":114,"column":null}},"type":"if","locations":[{"start":{"line":106,"column":0},"end":{"line":114,"column":null}},{"start":{"line":106,"column":0},"end":{"line":114,"column":null}}]},"1":{"loc":{"start":{"line":109,"column":0},"end":{"line":114,"column":null}},"type":"if","locations":[{"start":{"line":109,"column":0},"end":{"line":114,"column":null}},{"start":{"line":109,"column":0},"end":{"line":114,"column":null}}]},"2":{"loc":{"start":{"line":111,"column":0},"end":{"line":113,"column":null}},"type":"if","locations":[{"start":{"line":111,"column":0},"end":{"line":113,"column":null}},{"start":{"line":111,"column":0},"end":{"line":113,"column":null}}]}},"s":{"0":1,"1":1,"2":1,"3":0,"4":0,"5":0,"6":0,"7":0,"8":0,"9":0,"10":0,"11":0,"12":0,"13":0,"14":0,"15":0,"16":0,"17":0},"f":{"0":0,"1":0,"2":0,"3":0},"b":{"0":[0,0],"1":[0,0],"2":[0,0]}}
,"C:\\formation\\STOIC\\team-members-project\\src\\components\\nongeneric-components\\CardShowData.vue": {"path":"C:\\formation\\STOIC\\team-members-project\\src\\components\\nongeneric-components\\CardShowData.vue","statementMap":{"0":{"start":{"line":18,"column":0},"end":{"line":18,"column":null}},"1":{"start":{"line":19,"column":0},"end":{"line":19,"column":null}}},"fnMap":{},"branchMap":{},"s":{"0":1,"1":1},"f":{},"b":{}}
,"C:\\formation\\STOIC\\team-members-project\\src\\components\\nongeneric-components\\Dataviz.vue": {"path":"C:\\formation\\STOIC\\team-members-project\\src\\components\\nongeneric-components\\Dataviz.vue","statementMap":{"0":{"start":{"line":24,"column":0},"end":{"line":24,"column":null}},"1":{"start":{"line":25,"column":0},"end":{"line":25,"column":null}},"2":{"start":{"line":26,"column":0},"end":{"line":26,"column":null}},"3":{"start":{"line":27,"column":0},"end":{"line":27,"column":null}}},"fnMap":{},"branchMap":{},"s":{"0":0,"1":0,"2":0,"3":0},"f":{},"b":{}}
,"C:\\formation\\STOIC\\team-members-project\\src\\components\\nongeneric-components\\VersoAddMemberCard.vue": {"path":"C:\\formation\\STOIC\\team-members-project\\src\\components\\nongeneric-components\\VersoAddMemberCard.vue","statementMap":{"0":{"start":{"line":8,"column":0},"end":{"line":8,"column":null}},"1":{"start":{"line":16,"column":0},"end":{"line":16,"column":null}}},"fnMap":{"0":{"name":"(anonymous_1)","decl":{"start":{"line":15,"column":0},"end":{"line":15,"column":null}},"loc":{"start":{"line":15,"column":0},"end":{"line":24,"column":null}}}},"branchMap":{},"s":{"0":0,"1":0},"f":{"0":0},"b":{}}
,"C:\\formation\\STOIC\\team-members-project\\src\\components\\nongeneric-components\\VersoCard.vue": {"path":"C:\\formation\\STOIC\\team-members-project\\src\\components\\nongeneric-components\\VersoCard.vue","statementMap":{"0":{"start":{"line":18,"column":0},"end":{"line":18,"column":null}},"1":{"start":{"line":19,"column":0},"end":{"line":19,"column":null}},"2":{"start":{"line":20,"column":0},"end":{"line":20,"column":null}},"3":{"start":{"line":35,"column":0},"end":{"line":35,"column":null}},"4":{"start":{"line":41,"column":0},"end":{"line":41,"column":null}}},"fnMap":{"0":{"name":"(anonymous_1)","decl":{"start":{"line":34,"column":0},"end":{"line":34,"column":null}},"loc":{"start":{"line":34,"column":0},"end":{"line":38,"column":null}}},"1":{"name":"(anonymous_2)","decl":{"start":{"line":40,"column":0},"end":{"line":40,"column":null}},"loc":{"start":{"line":40,"column":0},"end":{"line":42,"column":null}}}},"branchMap":{},"s":{"0":1,"1":1,"2":1,"3":2,"4":1},"f":{"0":2,"1":1},"b":{}}
,"C:\\formation\\STOIC\\team-members-project\\src\\store\\index.js": {"path":"C:\\formation\\STOIC\\team-members-project\\src\\store\\index.js","statementMap":{"0":{"start":{"line":5,"column":0},"end":{"line":5,"column":14}},"1":{"start":{"line":23,"column":21},"end":{"line":23,"column":61}},"2":{"start":{"line":23,"column":51},"end":{"line":23,"column":60}},"3":{"start":{"line":24,"column":6},"end":{"line":24,"column":20}},"4":{"start":{"line":29,"column":6},"end":{"line":29,"column":30}},"5":{"start":{"line":34,"column":25},"end":{"line":34,"column":89}},"6":{"start":{"line":34,"column":66},"end":{"line":34,"column":88}},"7":{"start":{"line":35,"column":6},"end":{"line":35,"column":47}},"8":{"start":{"line":36,"column":6},"end":{"line":36,"column":51}},"9":{"start":{"line":39,"column":25},"end":{"line":39,"column":57}},"10":{"start":{"line":41,"column":26},"end":{"line":41,"column":83}},"11":{"start":{"line":41,"column":56},"end":{"line":41,"column":82}},"12":{"start":{"line":43,"column":6},"end":{"line":43,"column":45}},"13":{"start":{"line":44,"column":6},"end":{"line":44,"column":47}},"14":{"start":{"line":45,"column":6},"end":{"line":45,"column":58}},"15":{"start":{"line":48,"column":25},"end":{"line":48,"column":57}},"16":{"start":{"line":49,"column":6},"end":{"line":49,"column":44}},"17":{"start":{"line":50,"column":6},"end":{"line":50,"column":47}},"18":{"start":{"line":51,"column":6},"end":{"line":51,"column":53}}},"fnMap":{"0":{"name":"(anonymous_0)","decl":{"start":{"line":22,"column":24},"end":{"line":22,"column":25}},"loc":{"start":{"line":22,"column":35},"end":{"line":25,"column":5}},"line":22},"1":{"name":"(anonymous_1)","decl":{"start":{"line":23,"column":39},"end":{"line":23,"column":40}},"loc":{"start":{"line":23,"column":51},"end":{"line":23,"column":60}},"line":23},"2":{"name":"(anonymous_2)","decl":{"start":{"line":28,"column":4},"end":{"line":28,"column":5}},"loc":{"start":{"line":28,"column":31},"end":{"line":30,"column":5}},"line":28},"3":{"name":"(anonymous_3)","decl":{"start":{"line":33,"column":4},"end":{"line":33,"column":5}},"loc":{"start":{"line":33,"column":37},"end":{"line":37,"column":5}},"line":33},"4":{"name":"(anonymous_4)","decl":{"start":{"line":34,"column":54},"end":{"line":34,"column":55}},"loc":{"start":{"line":34,"column":66},"end":{"line":34,"column":88}},"line":34},"5":{"name":"(anonymous_5)","decl":{"start":{"line":38,"column":4},"end":{"line":38,"column":5}},"loc":{"start":{"line":38,"column":41},"end":{"line":46,"column":5}},"line":38},"6":{"name":"(anonymous_6)","decl":{"start":{"line":41,"column":47},"end":{"line":41,"column":48}},"loc":{"start":{"line":41,"column":56},"end":{"line":41,"column":82}},"line":41},"7":{"name":"(anonymous_7)","decl":{"start":{"line":47,"column":4},"end":{"line":47,"column":5}},"loc":{"start":{"line":47,"column":35},"end":{"line":52,"column":5}},"line":47}},"branchMap":{},"s":{"0":0,"1":0,"2":0,"3":0,"4":0,"5":0,"6":0,"7":0,"8":0,"9":0,"10":0,"11":0,"12":0,"13":0,"14":0,"15":0,"16":0,"17":0,"18":0},"f":{"0":0,"1":0,"2":0,"3":0,"4":0,"5":0,"6":0,"7":0},"b":{},"hash":"ace6806ecae047abf1be8d615b09288ee14372b4"}
}
