TN:
SF:C:\formation\STOIC\team-members-project\src\App.vue
FN:17,(anonymous_1)
FNF:1
FNH:0
FNDA:0,(anonymous_1)
DA:10,0
DA:18,0
LF:2
LH:0
BRF:0
BRH:0
end_of_record
TN:
SF:C:\formation\STOIC\team-members-project\src\main.js
FN:9,(anonymous_0)
FNF:1
FNH:0
FNDA:0,(anonymous_0)
DA:5,0
DA:7,0
DA:9,0
LF:3
LH:0
BRF:0
BRH:0
end_of_record
TN:
SF:C:\formation\STOIC\team-members-project\src\components\fonctionnal-components\CardFormular.vue
FN:78,(anonymous_1)
FN:87,(anonymous_2)
FN:96,(anonymous_3)
FN:105,(anonymous_4)
FNF:4
FNH:0
FNDA:0,(anonymous_1)
FNDA:0,(anonymous_2)
FNDA:0,(anonymous_3)
FNDA:0,(anonymous_4)
DA:59,1
DA:60,1
DA:61,1
DA:79,0
DA:89,0
DA:97,0
DA:98,0
DA:99,0
DA:100,0
DA:101,0
DA:103,0
DA:106,0
DA:107,0
DA:108,0
DA:109,0
DA:110,0
DA:111,0
DA:112,0
LF:18
LH:3
BRDA:106,0,0,0
BRDA:106,0,1,0
BRDA:109,1,0,0
BRDA:109,1,1,0
BRDA:111,2,0,0
BRDA:111,2,1,0
BRF:6
BRH:0
end_of_record
TN:
SF:C:\formation\STOIC\team-members-project\src\components\fonctionnal-components\CardShowData.vue
FNF:0
FNH:0
DA:18,1
DA:19,1
LF:2
LH:2
BRF:0
BRH:0
end_of_record
TN:
SF:C:\formation\STOIC\team-members-project\src\components\fonctionnal-components\Dataviz.vue
FNF:0
FNH:0
DA:24,0
DA:25,0
DA:26,0
DA:27,0
LF:4
LH:0
BRF:0
BRH:0
end_of_record
TN:
SF:C:\formation\STOIC\team-members-project\src\components\fonctionnal-components\VersoAddMemberCard.vue
FN:15,(anonymous_1)
FNF:1
FNH:0
FNDA:0,(anonymous_1)
DA:8,0
DA:16,0
LF:2
LH:0
BRF:0
BRH:0
end_of_record
TN:
SF:C:\formation\STOIC\team-members-project\src\components\fonctionnal-components\VersoCard.vue
FN:34,(anonymous_1)
FN:40,(anonymous_2)
FNF:2
FNH:2
FNDA:2,(anonymous_1)
FNDA:1,(anonymous_2)
DA:18,1
DA:19,1
DA:20,1
DA:35,2
DA:41,1
LF:5
LH:5
BRF:0
BRH:0
end_of_record
TN:
SF:C:\formation\STOIC\team-members-project\src\store\index.js
FN:22,(anonymous_0)
FN:23,(anonymous_1)
FN:28,(anonymous_2)
FN:33,(anonymous_3)
FN:34,(anonymous_4)
FN:38,(anonymous_5)
FN:41,(anonymous_6)
FN:47,(anonymous_7)
FNF:8
FNH:0
FNDA:0,(anonymous_0)
FNDA:0,(anonymous_1)
FNDA:0,(anonymous_2)
FNDA:0,(anonymous_3)
FNDA:0,(anonymous_4)
FNDA:0,(anonymous_5)
FNDA:0,(anonymous_6)
FNDA:0,(anonymous_7)
DA:5,0
DA:23,0
DA:24,0
DA:29,0
DA:34,0
DA:35,0
DA:36,0
DA:39,0
DA:41,0
DA:43,0
DA:44,0
DA:45,0
DA:48,0
DA:49,0
DA:50,0
DA:51,0
LF:16
LH:0
BRF:0
BRH:0
end_of_record
